#! /usr/bin/vvp
:ivl_version "11.0 (stable)";
:ivl_delay_selection "TYPICAL";
:vpi_time_precision - 12;
:vpi_module "/usr/lib/x86_64-linux-gnu/ivl/system.vpi";
:vpi_module "/usr/lib/x86_64-linux-gnu/ivl/vhdl_sys.vpi";
:vpi_module "/usr/lib/x86_64-linux-gnu/ivl/vhdl_textio.vpi";
:vpi_module "/usr/lib/x86_64-linux-gnu/ivl/v2005_math.vpi";
:vpi_module "/usr/lib/x86_64-linux-gnu/ivl/va_math.vpi";
S_0x5625d339a3f0 .scope module, "myalu_tb" "myalu_tb" 2 18;
 .timescale -9 -12;
P_0x5625d33af130 .param/l "NUMBITS" 0 2 19, +C4<00000000000000000000000000001000>;
v0x5625d33c7c50_0 .var "A", 7 0;
v0x5625d33c7d30_0 .var "B", 7 0;
v0x5625d33c7e00_0 .var "R", 7 0;
v0x5625d33c7ed0_0 .net "carryout", 0 0, v0x5625d33c7550_0;  1 drivers
v0x5625d33c7fa0_0 .var "clk", 0 0;
v0x5625d33c8040_0 .var/i "failedTests", 31 0;
v0x5625d33c80e0_0 .var "opcode", 2 0;
v0x5625d33c81d0_0 .net "overflow", 0 0, v0x5625d33c7810_0;  1 drivers
v0x5625d33c82a0_0 .var "reset", 0 0;
v0x5625d33c8370_0 .net "result", 7 0, v0x5625d33c7990_0;  1 drivers
v0x5625d33c8440_0 .var/i "totalTests", 31 0;
v0x5625d33c84e0_0 .net "zero", 0 0, v0x5625d33c7a70_0;  1 drivers
E_0x5625d33ae1d0 .event posedge, v0x5625d33c7620_0;
E_0x5625d33af660 .event negedge, v0x5625d33c78d0_0;
S_0x5625d339b680 .scope module, "uut" "myalu" 2 38, 3 20 0, S_0x5625d339a3f0;
 .timescale -9 -12;
    .port_info 0 /INPUT 1 "clk";
    .port_info 1 /INPUT 1 "reset";
    .port_info 2 /INPUT 8 "A";
    .port_info 3 /INPUT 8 "B";
    .port_info 4 /INPUT 3 "opcode";
    .port_info 5 /OUTPUT 8 "result";
    .port_info 6 /OUTPUT 1 "carryout";
    .port_info 7 /OUTPUT 1 "overflow";
    .port_info 8 /OUTPUT 1 "zero";
P_0x5625d339b860 .param/l "NUMBITS" 0 3 20, +C4<00000000000000000000000000001000>;
v0x5625d336bdd0_0 .net "A", 7 0, v0x5625d33c7c50_0;  1 drivers
v0x5625d33c7470_0 .net "B", 7 0, v0x5625d33c7d30_0;  1 drivers
v0x5625d33c7550_0 .var "carryout", 0 0;
v0x5625d33c7620_0 .net "clk", 0 0, v0x5625d33c7fa0_0;  1 drivers
v0x5625d33c76e0_0 .net "opcode", 2 0, v0x5625d33c80e0_0;  1 drivers
v0x5625d33c7810_0 .var "overflow", 0 0;
v0x5625d33c78d0_0 .net "reset", 0 0, v0x5625d33c82a0_0;  1 drivers
v0x5625d33c7990_0 .var "result", 7 0;
v0x5625d33c7a70_0 .var "zero", 0 0;
    .scope S_0x5625d339a3f0;
T_0 ;
    %pushi/vec4 0, 0, 32;
    %store/vec4 v0x5625d33c8440_0, 0, 32;
    %pushi/vec4 0, 0, 32;
    %store/vec4 v0x5625d33c8040_0, 0, 32;
    %end;
    .thread T_0;
    .scope S_0x5625d339a3f0;
T_1 ;
    %pushi/vec4 0, 0, 1;
    %store/vec4 v0x5625d33c7fa0_0, 0, 1;
    %pushi/vec4 1, 0, 1;
    %store/vec4 v0x5625d33c82a0_0, 0, 1;
    %delay 50000, 0;
    %pushi/vec4 1, 0, 1;
    %store/vec4 v0x5625d33c7fa0_0, 0, 1;
    %pushi/vec4 1, 0, 1;
    %store/vec4 v0x5625d33c82a0_0, 0, 1;
    %delay 50000, 0;
    %pushi/vec4 0, 0, 1;
    %store/vec4 v0x5625d33c7fa0_0, 0, 1;
    %pushi/vec4 0, 0, 1;
    %store/vec4 v0x5625d33c82a0_0, 0, 1;
    %delay 50000, 0;
    %pushi/vec4 1, 0, 1;
    %store/vec4 v0x5625d33c7fa0_0, 0, 1;
    %pushi/vec4 0, 0, 1;
    %store/vec4 v0x5625d33c82a0_0, 0, 1;
    %delay 50000, 0;
T_1.0 ;
    %load/vec4 v0x5625d33c7fa0_0;
    %inv;
    %store/vec4 v0x5625d33c7fa0_0, 0, 1;
    %delay 50000, 0;
    %jmp T_1.0;
    %end;
    .thread T_1;
    .scope S_0x5625d339a3f0;
T_2 ;
    %wait E_0x5625d33af660;
    %wait E_0x5625d33ae1d0;
    %delay 10000, 0;
    %vpi_call 2 75 "$write", "Test Group 1: Testing unsigned additions ... \012" {0 0 0};
    %pushi/vec4 0, 0, 3;
    %store/vec4 v0x5625d33c80e0_0, 0, 3;
    %load/vec4 v0x5625d33c8440_0;
    %addi 1, 0, 32;
    %store/vec4 v0x5625d33c8440_0, 0, 32;
    %vpi_call 2 78 "$write", "\011Test Case 1.1: Unsigned Add ... " {0 0 0};
    %pushi/vec4 255, 0, 8;
    %store/vec4 v0x5625d33c7c50_0, 0, 8;
    %pushi/vec4 1, 0, 8;
    %store/vec4 v0x5625d33c7d30_0, 0, 8;
    %pushi/vec4 0, 0, 8;
    %store/vec4 v0x5625d33c7e00_0, 0, 8;
    %delay 100000, 0;
    %load/vec4 v0x5625d33c7e00_0;
    %load/vec4 v0x5625d33c8370_0;
    %cmp/ne;
    %flag_mov 8, 4;
    %load/vec4 v0x5625d33c84e0_0;
    %cmpi/ne 1, 0, 1;
    %flag_or 4, 8;
    %flag_mov 8, 4;
    %load/vec4 v0x5625d33c7ed0_0;
    %cmpi/ne 1, 0, 1;
    %flag_or 4, 8;
    %jmp/0xz  T_2.0, 4;
    %vpi_call 2 84 "$write", "failed\012" {0 0 0};
    %load/vec4 v0x5625d33c8040_0;
    %addi 1, 0, 32;
    %store/vec4 v0x5625d33c8040_0, 0, 32;
    %jmp T_2.1;
T_2.0 ;
    %vpi_call 2 87 "$write", "passed\012" {0 0 0};
T_2.1 ;
    %delay 10000, 0;
    %vpi_call 2 96 "$write", "Test Group 2: Testing unsigned subs ...\012" {0 0 0};
    %pushi/vec4 2, 0, 3;
    %store/vec4 v0x5625d33c80e0_0, 0, 3;
    %vpi_call 2 104 "$write", "Test Group 3: Testing signed adds ...\012" {0 0 0};
    %pushi/vec4 1, 0, 3;
    %store/vec4 v0x5625d33c80e0_0, 0, 3;
    %vpi_call 2 112 "$write", "Test Group 4: Testing signed subs ...\012" {0 0 0};
    %pushi/vec4 3, 0, 3;
    %store/vec4 v0x5625d33c80e0_0, 0, 3;
    %vpi_call 2 120 "$write", "Test Group 5: Testing ANDs ...\012" {0 0 0};
    %pushi/vec4 4, 0, 3;
    %store/vec4 v0x5625d33c80e0_0, 0, 3;
    %vpi_call 2 128 "$write", "Test Group 6: Testing ORs ...\012" {0 0 0};
    %pushi/vec4 5, 0, 3;
    %store/vec4 v0x5625d33c80e0_0, 0, 3;
    %vpi_call 2 136 "$write", "Test Group 7: Testing XORs ...\012" {0 0 0};
    %pushi/vec4 6, 0, 3;
    %store/vec4 v0x5625d33c80e0_0, 0, 3;
    %vpi_call 2 144 "$write", "Test Group 8: Testing DIV 2 ...\012" {0 0 0};
    %pushi/vec4 7, 0, 3;
    %store/vec4 v0x5625d33c80e0_0, 0, 3;
    %vpi_call 2 152 "$write", "\012-------------------------------------------------------" {0 0 0};
    %load/vec4 v0x5625d33c8440_0;
    %load/vec4 v0x5625d33c8040_0;
    %sub;
    %vpi_call 2 153 "$write", "\012Testing complete\012Passed %0d / %0d tests", S<0,vec4,s32>, v0x5625d33c8440_0 {1 0 0};
    %vpi_call 2 154 "$write", "\012-------------------------------------------------------" {0 0 0};
    %vpi_call 2 155 "$finish" {0 0 0};
    %end;
    .thread T_2;
# The file index is used to find the file name in the following table.
:file_names 4;
    "N/A";
    "<interactive>";
    "myalu_tb.v";
    "myalu.v";
